-------------------------------------------------------------------------------
Test set: com.test.TransTest
-------------------------------------------------------------------------------
Tests run: 1, Failures: 0, Errors: 1, Skipped: 0, Time elapsed: 0.2 s <<< FAILURE! - in com.test.TransTest
initializationError(com.test.TransTest)  Time elapsed: 0.004 s  <<< ERROR!
java.lang.Exception: No runnable methods

